L 09/07/2025 - 13:23:07: Start of error session.
L 09/07/2025 - 13:23:07: Info (map "de_dust2") (file "addons/amxmodx/logs/error_20250907.log")
L 09/07/2025 - 13:23:07: [AMXX] Run time error 4 (plugin "uq_jumpstats.amxx") - debug not enabled!
L 09/07/2025 - 13:23:07: [AMXX] To enable debug mode, add "debug" after the plugin name in plugins.ini (without quotes).
L 09/07/2025 - 13:23:51: Start of error session.
L 09/07/2025 - 13:23:51: Info (map "de_prodigy") (file "addons/amxmodx/logs/error_20250907.log")
L 09/07/2025 - 13:23:51: [AMXX] Run time error 4 (plugin "uq_jumpstats.amxx") - debug not enabled!
L 09/07/2025 - 13:23:51: [AMXX] To enable debug mode, add "debug" after the plugin name in plugins.ini (without quotes).
L 09/07/2025 - 13:24:26: Start of error session.
L 09/07/2025 - 13:24:26: Info (map "de_dust2") (file "addons/amxmodx/logs/error_20250907.log")
L 09/07/2025 - 13:24:26: [AMXX] Run time error 4 (plugin "uq_jumpstats.amxx") - debug not enabled!
L 09/07/2025 - 13:24:26: [AMXX] To enable debug mode, add "debug" after the plugin name in plugins.ini (without quotes).
L 09/07/2025 - 13:24:53: Start of error session.
L 09/07/2025 - 13:24:53: Info (map "de_dust2") (file "addons/amxmodx/logs/error_20250907.log")
L 09/07/2025 - 13:24:53: [AMXX] Run time error 4 (plugin "uq_jumpstats.amxx") - debug not enabled!
L 09/07/2025 - 13:24:53: [AMXX] To enable debug mode, add "debug" after the plugin name in plugins.ini (without quotes).
L 09/07/2025 - 13:26:22: Start of error session.
L 09/07/2025 - 13:26:22: Info (map "de_dust2") (file "addons/amxmodx/logs/error_20250907.log")
L 09/07/2025 - 13:26:22: [AMXX] Run time error 4 (plugin "uq_jumpstats.amxx") - debug not enabled!
L 09/07/2025 - 13:26:22: [AMXX] To enable debug mode, add "debug" after the plugin name in plugins.ini (without quotes).
L 09/07/2025 - 14:14:39: Start of error session.
L 09/07/2025 - 14:14:39: Info (map "cs_havana") (file "addons/amxmodx/logs/error_20250907.log")
L 09/07/2025 - 14:14:39: [AMXX] Run time error 4 (plugin "uq_jumpstats.amxx") - debug not enabled!
L 09/07/2025 - 14:14:39: [AMXX] To enable debug mode, add "debug" after the plugin name in plugins.ini (without quotes).
L 09/07/2025 - 14:30:23: Start of error session.
L 09/07/2025 - 14:30:23: Info (map "cs_italy") (file "addons/amxmodx/logs/error_20250907.log")
L 09/07/2025 - 14:30:23: [AMXX] Run time error 4 (plugin "uq_jumpstats.amxx") - debug not enabled!
L 09/07/2025 - 14:30:23: [AMXX] To enable debug mode, add "debug" after the plugin name in plugins.ini (without quotes).
L 09/07/2025 - 14:31:14: Start of error session.
L 09/07/2025 - 14:31:14: Info (map "de_vertigo") (file "addons/amxmodx/logs/error_20250907.log")
L 09/07/2025 - 14:31:14: [AMXX] Run time error 4 (plugin "uq_jumpstats.amxx") - debug not enabled!
L 09/07/2025 - 14:31:14: [AMXX] To enable debug mode, add "debug" after the plugin name in plugins.ini (without quotes).
L 09/07/2025 - 14:35:32: Start of error session.
L 09/07/2025 - 14:35:32: Info (map "de_dust2") (file "addons/amxmodx/logs/error_20250907.log")
L 09/07/2025 - 14:35:32: [AMXX] Run time error 4 (plugin "uq_jumpstats.amxx") - debug not enabled!
L 09/07/2025 - 14:35:32: [AMXX] To enable debug mode, add "debug" after the plugin name in plugins.ini (without quotes).
L 09/07/2025 - 15:10:12: Start of error session.
L 09/07/2025 - 15:10:12: Info (map "de_dust2") (file "addons/amxmodx/logs/error_20250907.log")
L 09/07/2025 - 15:10:12: [AMXX] Run time error 4 (plugin "uq_jumpstats.amxx") - debug not enabled!
L 09/07/2025 - 15:10:12: [AMXX] To enable debug mode, add "debug" after the plugin name in plugins.ini (without quotes).
L 09/07/2025 - 15:10:19: Start of error session.
L 09/07/2025 - 15:10:19: Info (map "de_dust2") (file "addons/amxmodx/logs/error_20250907.log")
L 09/07/2025 - 15:10:19: [AMXX] Run time error 4 (plugin "uq_jumpstats.amxx") - debug not enabled!
L 09/07/2025 - 15:10:19: [AMXX] To enable debug mode, add "debug" after the plugin name in plugins.ini (without quotes).
L 09/07/2025 - 15:14:34: Start of error session.
L 09/07/2025 - 15:14:34: Info (map "de_airstrip") (file "addons/amxmodx/logs/error_20250907.log")
L 09/07/2025 - 15:14:34: [AMXX] Run time error 4 (plugin "uq_jumpstats.amxx") - debug not enabled!
L 09/07/2025 - 15:14:34: [AMXX] To enable debug mode, add "debug" after the plugin name in plugins.ini (without quotes).
L 09/07/2025 - 15:20:38: Start of error session.
L 09/07/2025 - 15:20:38: Info (map "de_dust2") (file "addons/amxmodx/logs/error_20250907.log")
L 09/07/2025 - 15:20:38: [AMXX] Run time error 4 (plugin "uq_jumpstats.amxx") - debug not enabled!
L 09/07/2025 - 15:20:38: [AMXX] To enable debug mode, add "debug" after the plugin name in plugins.ini (without quotes).
L 09/07/2025 - 15:29:01: Start of error session.
L 09/07/2025 - 15:29:01: Info (map "cs_office") (file "addons/amxmodx/logs/error_20250907.log")
L 09/07/2025 - 15:29:01: [AMXX] Run time error 4 (plugin "uq_jumpstats.amxx") - debug not enabled!
L 09/07/2025 - 15:29:01: [AMXX] To enable debug mode, add "debug" after the plugin name in plugins.ini (without quotes).
L 09/07/2025 - 15:30:02: Start of error session.
L 09/07/2025 - 15:30:02: Info (map "de_chateau") (file "addons/amxmodx/logs/error_20250907.log")
L 09/07/2025 - 15:30:02: [AMXX] Run time error 4 (plugin "uq_jumpstats.amxx") - debug not enabled!
L 09/07/2025 - 15:30:02: [AMXX] To enable debug mode, add "debug" after the plugin name in plugins.ini (without quotes).
L 09/07/2025 - 20:01:16: Start of error session.
L 09/07/2025 - 20:01:16: Info (map "de_dust") (file "addons/amxmodx/logs/error_20250907.log")
L 09/07/2025 - 20:01:16: [AMXX] Run time error 4 (plugin "uq_jumpstats.amxx") - debug not enabled!
L 09/07/2025 - 20:01:16: [AMXX] To enable debug mode, add "debug" after the plugin name in plugins.ini (without quotes).
