L 09/07/2025 - 13:23:03: -------- Mapchange to de_dust2 --------
L 09/07/2025 - 13:23:04: Invalid multi-lingual line (file "cstrike\addons\amxmodx\data\lang\uq_jumpstats.txt" line 1)
L 09/07/2025 - 13:23:04: [admin.amxx] Login: "Fullserver<1><STEAM_ID_LAN><>" became an admin (account "loopback") (access "abcdefghijklmnopqrstu") (address "loopback")
L 09/07/2025 - 13:23:06: [admin.amxx] Login: "Fullserver<1><STEAM_ID_LAN><>" became an admin (account "loopback") (access "abcdefghijklmnopqrstu") (address "loopback")
L 09/07/2025 - 13:23:44: -------- Mapchange to de_inferno --------
L 09/07/2025 - 13:23:49: -------- Mapchange to de_prodigy --------
L 09/07/2025 - 13:23:50: Invalid multi-lingual line (file "cstrike\addons\amxmodx\data\lang\uq_jumpstats.txt" line 1)
L 09/07/2025 - 13:23:50: [admin.amxx] Login: "Fullserver<1><STEAM_ID_LAN><>" became an admin (account "loopback") (access "abcdefghijklmnopqrstu") (address "loopback")
L 09/07/2025 - 13:23:50: [admin.amxx] Login: "Fullserver<1><STEAM_ID_LAN><>" became an admin (account "loopback") (access "abcdefghijklmnopqrstu") (address "loopback")
L 09/07/2025 - 13:23:59: -------- Mapchange to de_dust2 --------
L 09/07/2025 - 13:23:59: [admin.amxx] Login: "Fullserver<2><STEAM_ID_LAN><>" became an admin (account "loopback") (access "abcdefghijklmnopqrstu") (address "loopback")
L 09/07/2025 - 13:24:00: [admin.amxx] Login: "Fullserver<2><STEAM_ID_LAN><>" became an admin (account "loopback") (access "abcdefghijklmnopqrstu") (address "loopback")
L 09/07/2025 - 13:24:51: -------- Mapchange to de_dust2 --------
L 09/07/2025 - 13:24:51: Invalid multi-lingual line (file "cstrike\addons\amxmodx\data\lang\uq_jumpstats.txt" line 1)
L 09/07/2025 - 13:24:51: [admin.amxx] Login: "Fullserver<1><STEAM_ID_LAN><>" became an admin (account "loopback") (access "abcdefghijklmnopqrstu") (address "loopback")
L 09/07/2025 - 13:24:52: [admin.amxx] Login: "Fullserver<1><STEAM_ID_LAN><>" became an admin (account "loopback") (access "abcdefghijklmnopqrstu") (address "loopback")
L 09/07/2025 - 13:25:13: -------- Mapchange to de_dust2 --------
L 09/07/2025 - 13:26:20: -------- Mapchange to de_dust2 --------
L 09/07/2025 - 13:26:20: Invalid multi-lingual line (file "cstrike\addons\amxmodx\data\lang\uq_jumpstats.txt" line 1)
L 09/07/2025 - 13:26:21: [admin.amxx] Login: "Fullserver<1><STEAM_ID_LAN><>" became an admin (account "loopback") (access "abcdefghijklmnopqrstu") (address "loopback")
L 09/07/2025 - 13:26:21: [admin.amxx] Login: "Fullserver<1><STEAM_ID_LAN><>" became an admin (account "loopback") (access "abcdefghijklmnopqrstu") (address "loopback")
L 09/07/2025 - 13:44:20: [mapchooser.amxx] Vote: Voting for the nextmap started
L 09/07/2025 - 13:44:35: [mapchooser.amxx] Vote: Voting for the nextmap finished. The nextmap will be de_airstrip
L 09/07/2025 - 13:46:29: -------- Mapchange to de_airstrip --------
L 09/07/2025 - 13:46:29: [admin.amxx] Login: "Fullserver<1><STEAM_ID_LAN><>" became an admin (account "loopback") (access "abcdefghijklmnopqrstu") (address "loopback")
L 09/07/2025 - 13:46:30: [admin.amxx] Login: "Fullserver<1><STEAM_ID_LAN><>" became an admin (account "loopback") (access "abcdefghijklmnopqrstu") (address "loopback")
L 09/07/2025 - 14:04:28: [mapchooser.amxx] Vote: Voting for the nextmap started
L 09/07/2025 - 14:04:43: [mapchooser.amxx] Vote: Voting for the nextmap finished. The nextmap will be cs_havana
L 09/07/2025 - 14:06:37: -------- Mapchange to cs_havana --------
L 09/07/2025 - 14:06:38: [admin.amxx] Login: "Fullserver<1><STEAM_ID_LAN><>" became an admin (account "loopback") (access "abcdefghijklmnopqrstu") (address "loopback")
L 09/07/2025 - 14:06:38: [admin.amxx] Login: "Fullserver<1><STEAM_ID_LAN><>" became an admin (account "loopback") (access "abcdefghijklmnopqrstu") (address "loopback")
L 09/07/2025 - 14:14:37: -------- Mapchange to cs_havana --------
L 09/07/2025 - 14:14:37: [admin.amxx] Login: "Fullserver<2><STEAM_ID_LAN><>" became an admin (account "loopback") (access "abcdefghijklmnopqrstu") (address "loopback")
L 09/07/2025 - 14:14:37: [admin.amxx] Login: "Fullserver<2><STEAM_ID_LAN><>" became an admin (account "loopback") (access "abcdefghijklmnopqrstu") (address "loopback")
L 09/07/2025 - 14:29:49: -------- Mapchange to de_dust2 --------
L 09/07/2025 - 14:29:49: [admin.amxx] Login: "Fullserver<3><STEAM_ID_LAN><>" became an admin (account "loopback") (access "abcdefghijklmnopqrstu") (address "loopback")
L 09/07/2025 - 14:29:50: [admin.amxx] Login: "Fullserver<3><STEAM_ID_LAN><>" became an admin (account "loopback") (access "abcdefghijklmnopqrstu") (address "loopback")
L 09/07/2025 - 14:30:20: -------- Mapchange to cs_italy --------
L 09/07/2025 - 14:30:21: Invalid multi-lingual line (file "cstrike\addons\amxmodx\data\lang\uq_jumpstats.txt" line 1)
L 09/07/2025 - 14:30:21: [admin.amxx] Login: "Fullserver<1><STEAM_ID_LAN><>" became an admin (account "loopback") (access "abcdefghijklmnopqrstu") (address "loopback")
L 09/07/2025 - 14:30:21: [admin.amxx] Login: "Fullserver<1><STEAM_ID_LAN><>" became an admin (account "loopback") (access "abcdefghijklmnopqrstu") (address "loopback")
L 09/07/2025 - 14:31:12: -------- Mapchange to de_vertigo --------
L 09/07/2025 - 14:31:12: Invalid multi-lingual line (file "cstrike\addons\amxmodx\data\lang\uq_jumpstats.txt" line 1)
L 09/07/2025 - 14:31:12: [admin.amxx] Login: "Fullserver<1><STEAM_ID_LAN><>" became an admin (account "loopback") (access "abcdefghijklmnopqrstu") (address "loopback")
L 09/07/2025 - 14:31:13: [admin.amxx] Login: "Fullserver<1><STEAM_ID_LAN><>" became an admin (account "loopback") (access "abcdefghijklmnopqrstu") (address "loopback")
L 09/07/2025 - 14:35:30: -------- Mapchange to de_dust2 --------
L 09/07/2025 - 14:35:31: [admin.amxx] Login: "Fullserver<2><STEAM_ID_LAN><>" became an admin (account "loopback") (access "abcdefghijklmnopqrstu") (address "loopback")
L 09/07/2025 - 14:35:31: [admin.amxx] Login: "Fullserver<2><STEAM_ID_LAN><>" became an admin (account "loopback") (access "abcdefghijklmnopqrstu") (address "loopback")
L 09/07/2025 - 14:53:30: [mapchooser.amxx] Vote: Voting for the nextmap started
L 09/07/2025 - 14:53:45: [mapchooser.amxx] Vote: Voting for the nextmap finished. The nextmap will be cs_havana
L 09/07/2025 - 14:55:39: -------- Mapchange to cs_havana --------
L 09/07/2025 - 14:55:39: [admin.amxx] Login: "Fullserver<2><STEAM_ID_LAN><>" became an admin (account "loopback") (access "abcdefghijklmnopqrstu") (address "loopback")
L 09/07/2025 - 14:55:40: [admin.amxx] Login: "Fullserver<2><STEAM_ID_LAN><>" became an admin (account "loopback") (access "abcdefghijklmnopqrstu") (address "loopback")
L 09/07/2025 - 15:10:10: -------- Mapchange to de_dust2 --------
L 09/07/2025 - 15:10:10: Invalid multi-lingual line (file "cstrike\addons\amxmodx\data\lang\uq_jumpstats.txt" line 1)
L 09/07/2025 - 15:10:10: [admin.amxx] Login: "Fullserver<1><STEAM_ID_LAN><>" became an admin (account "loopback") (access "abcdefghijklmnopqrstu") (address "loopback")
L 09/07/2025 - 15:10:11: [admin.amxx] Login: "Fullserver<1><STEAM_ID_LAN><>" became an admin (account "loopback") (access "abcdefghijklmnopqrstu") (address "loopback")
L 09/07/2025 - 15:10:18: -------- Mapchange to de_dust2 --------
L 09/07/2025 - 15:10:18: [admin.amxx] Login: "Fullserver<2><STEAM_ID_LAN><>" became an admin (account "loopback") (access "abcdefghijklmnopqrstu") (address "loopback")
L 09/07/2025 - 15:10:18: [admin.amxx] Login: "Fullserver<2><STEAM_ID_LAN><>" became an admin (account "loopback") (access "abcdefghijklmnopqrstu") (address "loopback")
L 09/07/2025 - 15:12:59: -------- Mapchange to cs_italy --------
L 09/07/2025 - 15:12:59: [admin.amxx] Login: "Fullserver<3><STEAM_ID_LAN><>" became an admin (account "loopback") (access "abcdefghijklmnopqrstu") (address "loopback")
L 09/07/2025 - 15:13:00: [admin.amxx] Login: "Fullserver<3><STEAM_ID_LAN><>" became an admin (account "loopback") (access "abcdefghijklmnopqrstu") (address "loopback")
L 09/07/2025 - 15:13:05: -------- Mapchange to cs_italy --------
L 09/07/2025 - 15:13:06: [admin.amxx] Login: "Fullserver<4><STEAM_ID_LAN><>" became an admin (account "loopback") (access "abcdefghijklmnopqrstu") (address "loopback")
L 09/07/2025 - 15:13:06: [admin.amxx] Login: "Fullserver<4><STEAM_ID_LAN><>" became an admin (account "loopback") (access "abcdefghijklmnopqrstu") (address "loopback")
L 09/07/2025 - 15:14:33: -------- Mapchange to de_airstrip --------
L 09/07/2025 - 15:14:33: Invalid multi-lingual line (file "cstrike\addons\amxmodx\data\lang\uq_jumpstats.txt" line 1)
L 09/07/2025 - 15:14:33: [admin.amxx] Login: "Fullserver<1><STEAM_ID_LAN><>" became an admin (account "loopback") (access "abcdefghijklmnopqrstu") (address "loopback")
L 09/07/2025 - 15:14:34: [admin.amxx] Login: "Fullserver<1><STEAM_ID_LAN><>" became an admin (account "loopback") (access "abcdefghijklmnopqrstu") (address "loopback")
L 09/07/2025 - 15:20:37: -------- Mapchange to de_dust2 --------
L 09/07/2025 - 15:20:37: Invalid multi-lingual line (file "cstrike\addons\amxmodx\data\lang\uq_jumpstats.txt" line 1)
L 09/07/2025 - 15:20:37: [admin.amxx] Login: "Fullserver<1><STEAM_ID_LAN><>" became an admin (account "loopback") (access "abcdefghijklmnopqrstu") (address "loopback")
L 09/07/2025 - 15:20:38: [admin.amxx] Login: "Fullserver<1><STEAM_ID_LAN><>" became an admin (account "loopback") (access "abcdefghijklmnopqrstu") (address "loopback")
L 09/07/2025 - 15:22:26: -------- Mapchange to de_dust2 --------
L 09/07/2025 - 15:22:27: [admin.amxx] Login: "Fullserver<2><STEAM_ID_LAN><>" became an admin (account "loopback") (access "abcdefghijklmnopqrstu") (address "loopback")
L 09/07/2025 - 15:22:27: [admin.amxx] Login: "Fullserver<2><STEAM_ID_LAN><>" became an admin (account "loopback") (access "abcdefghijklmnopqrstu") (address "loopback")
L 09/07/2025 - 15:28:59: -------- Mapchange to cs_office --------
L 09/07/2025 - 15:28:59: Invalid multi-lingual line (file "cstrike\addons\amxmodx\data\lang\uq_jumpstats.txt" line 1)
L 09/07/2025 - 15:28:59: [admin.amxx] Login: "Fullserver<1><STEAM_ID_LAN><>" became an admin (account "loopback") (access "abcdefghijklmnopqrstu") (address "loopback")
L 09/07/2025 - 15:29:00: [admin.amxx] Login: "Fullserver<1><STEAM_ID_LAN><>" became an admin (account "loopback") (access "abcdefghijklmnopqrstu") (address "loopback")
L 09/07/2025 - 15:30:00: -------- Mapchange to de_chateau --------
L 09/07/2025 - 15:30:00: Invalid multi-lingual line (file "cstrike\addons\amxmodx\data\lang\uq_jumpstats.txt" line 1)
L 09/07/2025 - 15:30:00: [admin.amxx] Login: "Fullserver<1><STEAM_ID_LAN><>" became an admin (account "loopback") (access "abcdefghijklmnopqrstu") (address "loopback")
L 09/07/2025 - 15:30:01: [admin.amxx] Login: "Fullserver<1><STEAM_ID_LAN><>" became an admin (account "loopback") (access "abcdefghijklmnopqrstu") (address "loopback")
L 09/07/2025 - 20:01:01: -------- Mapchange to de_dust --------
L 09/07/2025 - 20:01:01: Invalid multi-lingual line (file "cstrike\addons\amxmodx\data\lang\uq_jumpstats.txt" line 1)
L 09/07/2025 - 20:01:01: [admin.amxx] Login: "Fullserver<1><STEAM_ID_LAN><>" became an admin (account "loopback") (access "abcdefghijklmnopqrstu") (address "loopback")
L 09/07/2025 - 20:01:02: [admin.amxx] Login: "Fullserver<1><STEAM_ID_LAN><>" became an admin (account "loopback") (access "abcdefghijklmnopqrstu") (address "loopback")
