L 08/14/2025 - 00:17:25: -------- Mapchange to de_inferno --------
L 08/14/2025 - 00:17:26: Invalid multi-lingual line (file "cstrike\addons\amxmodx\data\lang\uq_jumpstats.txt" line 1)
L 08/14/2025 - 00:17:27: [admin.amxx] Login: "wormeater<1><STEAM_ID_LAN><>" became an admin (account "loopback") (access "abcdefghijklmnopqrstu") (address "loopback")
L 08/14/2025 - 00:17:28: [admin.amxx] Login: "wormeater<1><STEAM_ID_LAN><>" became an admin (account "loopback") (access "abcdefghijklmnopqrstu") (address "loopback")
L 08/14/2025 - 00:33:52: -------- Mapchange to de_train --------
L 08/14/2025 - 00:33:52: Invalid multi-lingual line (file "cstrike\addons\amxmodx\data\lang\uq_jumpstats.txt" line 1)
L 08/14/2025 - 00:33:52: [admin.amxx] Login: "wormeater<1><STEAM_ID_LAN><>" became an admin (account "loopback") (access "abcdefghijklmnopqrstu") (address "loopback")
L 08/14/2025 - 00:33:53: [admin.amxx] Login: "wormeater<1><STEAM_ID_LAN><>" became an admin (account "loopback") (access "abcdefghijklmnopqrstu") (address "loopback")
L 08/14/2025 - 11:56:50: -------- Mapchange to kz_longjumps2 --------
L 08/14/2025 - 11:56:51: Invalid multi-lingual line (file "cstrike\addons\amxmodx\data\lang\uq_jumpstats.txt" line 1)
L 08/14/2025 - 11:56:52: [admin.amxx] Login: "wormeater<1><STEAM_ID_LAN><>" became an admin (account "loopback") (access "abcdefghijklmnopqrstu") (address "loopback")
L 08/14/2025 - 11:56:53: [admin.amxx] Login: "wormeater<1><STEAM_ID_LAN><>" became an admin (account "loopback") (access "abcdefghijklmnopqrstu") (address "loopback")
L 08/14/2025 - 12:14:52: [mapchooser.amxx] Vote: Voting for the nextmap started
L 08/14/2025 - 12:15:07: [mapchooser.amxx] Vote: Voting for the nextmap finished. The nextmap will be de_airstrip
L 08/14/2025 - 12:17:01: -------- Mapchange to de_airstrip --------
L 08/14/2025 - 12:17:01: [admin.amxx] Login: "wormeater<1><STEAM_ID_LAN><>" became an admin (account "loopback") (access "abcdefghijklmnopqrstu") (address "loopback")
L 08/14/2025 - 12:17:02: [admin.amxx] Login: "wormeater<1><STEAM_ID_LAN><>" became an admin (account "loopback") (access "abcdefghijklmnopqrstu") (address "loopback")
L 08/14/2025 - 12:33:19: -------- Mapchange to kz_longjumps2 --------
L 08/14/2025 - 12:33:19: [admin.amxx] Login: "wormeater<2><STEAM_ID_LAN><>" became an admin (account "loopback") (access "abcdefghijklmnopqrstu") (address "loopback")
L 08/14/2025 - 12:33:20: [admin.amxx] Login: "wormeater<2><STEAM_ID_LAN><>" became an admin (account "loopback") (access "abcdefghijklmnopqrstu") (address "loopback")
