L 08/17/2025 - 01:08:26: -------- Mapchange to kz_longjumps2 --------
L 08/17/2025 - 01:08:27: Invalid multi-lingual line (file "cstrike\addons\amxmodx\data\lang\uq_jumpstats.txt" line 1)
L 08/17/2025 - 01:08:27: [admin.amxx] Login: "wormeater<1><STEAM_ID_LAN><>" became an admin (account "loopback") (access "abcdefghijklmnopqrstu") (address "loopback")
L 08/17/2025 - 01:08:28: [admin.amxx] Login: "wormeater<1><STEAM_ID_LAN><>" became an admin (account "loopback") (access "abcdefghijklmnopqrstu") (address "loopback")
L 08/17/2025 - 18:07:02: -------- Mapchange to cs_militia --------
L 08/17/2025 - 18:07:03: Invalid multi-lingual line (file "cstrike\addons\amxmodx\data\lang\uq_jumpstats.txt" line 1)
L 08/17/2025 - 18:07:03: [admin.amxx] Login: "wormeater<1><STEAM_ID_LAN><>" became an admin (account "loopback") (access "abcdefghijklmnopqrstu") (address "loopback")
L 08/17/2025 - 18:07:04: [admin.amxx] Login: "wormeater<1><STEAM_ID_LAN><>" became an admin (account "loopback") (access "abcdefghijklmnopqrstu") (address "loopback")
L 08/17/2025 - 20:32:02: -------- Mapchange to kz_longjumps2 --------
L 08/17/2025 - 20:32:02: Invalid multi-lingual line (file "cstrike\addons\amxmodx\data\lang\uq_jumpstats.txt" line 1)
L 08/17/2025 - 20:32:03: [admin.amxx] Login: "wormeater<1><STEAM_ID_LAN><>" became an admin (account "loopback") (access "abcdefghijklmnopqrstu") (address "loopback")
L 08/17/2025 - 20:32:03: [admin.amxx] Login: "wormeater<1><STEAM_ID_LAN><>" became an admin (account "loopback") (access "abcdefghijklmnopqrstu") (address "loopback")
L 08/17/2025 - 20:36:42: -------- Mapchange to kz_longjumps2 --------
L 08/17/2025 - 20:36:42: Invalid multi-lingual line (file "cstrike\addons\amxmodx\data\lang\uq_jumpstats.txt" line 1)
L 08/17/2025 - 20:36:43: [admin.amxx] Login: "wormeater<1><STEAM_ID_LAN><>" became an admin (account "loopback") (access "abcdefghijklmnopqrstu") (address "loopback")
L 08/17/2025 - 20:36:43: [admin.amxx] Login: "wormeater<1><STEAM_ID_LAN><>" became an admin (account "loopback") (access "abcdefghijklmnopqrstu") (address "loopback")
L 08/17/2025 - 20:45:16: -------- Mapchange to cs_siege --------
L 08/17/2025 - 20:45:16: Invalid multi-lingual line (file "cstrike\addons\amxmodx\data\lang\uq_jumpstats.txt" line 1)
L 08/17/2025 - 20:45:16: [admin.amxx] Login: "wormeater<1><STEAM_ID_LAN><>" became an admin (account "loopback") (access "abcdefghijklmnopqrstu") (address "loopback")
L 08/17/2025 - 20:45:17: [admin.amxx] Login: "wormeater<1><STEAM_ID_LAN><>" became an admin (account "loopback") (access "abcdefghijklmnopqrstu") (address "loopback")
L 08/17/2025 - 20:50:54: -------- Mapchange to kz_longjumps2 --------
L 08/17/2025 - 20:50:55: [admin.amxx] Login: "wormeater<2><STEAM_ID_LAN><>" became an admin (account "loopback") (access "abcdefghijklmnopqrstu") (address "loopback")
L 08/17/2025 - 20:50:55: [admin.amxx] Login: "wormeater<2><STEAM_ID_LAN><>" became an admin (account "loopback") (access "abcdefghijklmnopqrstu") (address "loopback")
L 08/17/2025 - 20:53:31: -------- Mapchange to kz_longjumps2 --------
L 08/17/2025 - 20:53:32: [admin.amxx] Login: "wormeater<3><STEAM_ID_LAN><>" became an admin (account "loopback") (access "abcdefghijklmnopqrstu") (address "loopback")
L 08/17/2025 - 20:53:32: [admin.amxx] Login: "wormeater<3><STEAM_ID_LAN><>" became an admin (account "loopback") (access "abcdefghijklmnopqrstu") (address "loopback")
L 08/17/2025 - 23:51:53: -------- Mapchange to 35hp_2_hellarena_fixed --------
L 08/17/2025 - 23:51:54: Invalid multi-lingual line (file "cstrike\addons\amxmodx\data\lang\uq_jumpstats.txt" line 1)
L 08/17/2025 - 23:51:54: [admin.amxx] Login: "wormeater<1><STEAM_ID_LAN><>" became an admin (account "loopback") (access "abcdefghijklmnopqrstu") (address "loopback")
L 08/17/2025 - 23:51:55: [admin.amxx] Login: "wormeater<1><STEAM_ID_LAN><>" became an admin (account "loopback") (access "abcdefghijklmnopqrstu") (address "loopback")
