L 09/06/2025 - 00:00:14: -------- Mapchange to cs_italy --------
L 09/06/2025 - 00:00:15: Invalid multi-lingual line (file "cstrike\addons\amxmodx\data\lang\uq_jumpstats.txt" line 1)
L 09/06/2025 - 00:00:15: [admin.amxx] Login: "Fullserver<1><STEAM_ID_LAN><>" became an admin (account "loopback") (access "abcdefghijklmnopqrstu") (address "loopback")
L 09/06/2025 - 00:00:22: -------- Mapchange to cs_italy --------
L 09/06/2025 - 00:00:22: [admin.amxx] Login: "Fullserver<2><STEAM_ID_LAN><>" became an admin (account "loopback") (access "abcdefghijklmnopqrstu") (address "loopback")
L 09/06/2025 - 00:03:40: -------- Mapchange to cs_italy --------
L 09/06/2025 - 00:04:23: -------- Mapchange to cs_italy --------
L 09/06/2025 - 00:04:23: Invalid multi-lingual line (file "cstrike\addons\amxmodx\data\lang\uq_jumpstats.txt" line 1)
L 09/06/2025 - 00:04:23: [admin.amxx] Login: "Fullserver<1><STEAM_ID_LAN><>" became an admin (account "loopback") (access "abcdefghijklmnopqrstu") (address "loopback")
L 09/06/2025 - 00:05:35: -------- Mapchange to cs_italy --------
L 09/06/2025 - 00:05:35: Invalid multi-lingual line (file "cstrike\addons\amxmodx\data\lang\uq_jumpstats.txt" line 1)
L 09/06/2025 - 00:05:35: [admin.amxx] Login: "Fullserver<1><STEAM_ID_LAN><>" became an admin (account "loopback") (access "abcdefghijklmnopqrstu") (address "loopback")
L 09/06/2025 - 00:06:20: -------- Mapchange to cs_italy --------
L 09/06/2025 - 00:06:20: Invalid multi-lingual line (file "cstrike\addons\amxmodx\data\lang\uq_jumpstats.txt" line 1)
L 09/06/2025 - 00:06:21: [admin.amxx] Login: "Fullserver<1><STEAM_ID_LAN><>" became an admin (account "loopback") (access "abcdefghijklmnopqrstu") (address "loopback")
L 09/06/2025 - 00:06:21: [admin.amxx] Login: "Fullserver<1><STEAM_ID_LAN><>" became an admin (account "loopback") (access "abcdefghijklmnopqrstu") (address "loopback")
L 09/06/2025 - 00:08:05: -------- Mapchange to cs_italy --------
L 09/06/2025 - 00:08:05: [admin.amxx] Login: "Fullserver<2><STEAM_ID_LAN><>" became an admin (account "loopback") (access "abcdefghijklmnopqrstu") (address "loopback")
L 09/06/2025 - 00:08:06: [admin.amxx] Login: "Fullserver<2><STEAM_ID_LAN><>" became an admin (account "loopback") (access "abcdefghijklmnopqrstu") (address "loopback")
L 09/06/2025 - 00:10:31: -------- Mapchange to cs_italy --------
L 09/06/2025 - 00:10:32: [admin.amxx] Login: "Fullserver<3><STEAM_ID_LAN><>" became an admin (account "loopback") (access "abcdefghijklmnopqrstu") (address "loopback")
L 09/06/2025 - 00:10:32: [admin.amxx] Login: "Fullserver<3><STEAM_ID_LAN><>" became an admin (account "loopback") (access "abcdefghijklmnopqrstu") (address "loopback")
L 09/06/2025 - 00:11:29: -------- Mapchange to cs_italy --------
L 09/06/2025 - 00:11:29: Invalid multi-lingual line (file "cstrike\addons\amxmodx\data\lang\uq_jumpstats.txt" line 1)
L 09/06/2025 - 00:11:29: [admin.amxx] Login: "Fullserver<1><STEAM_ID_LAN><>" became an admin (account "loopback") (access "abcdefghijklmnopqrstu") (address "loopback")
L 09/06/2025 - 00:11:30: [admin.amxx] Login: "Fullserver<1><STEAM_ID_LAN><>" became an admin (account "loopback") (access "abcdefghijklmnopqrstu") (address "loopback")
L 09/06/2025 - 00:11:42: -------- Mapchange to cs_italy --------
L 09/06/2025 - 00:11:42: [admin.amxx] Login: "Fullserver<2><STEAM_ID_LAN><>" became an admin (account "loopback") (access "abcdefghijklmnopqrstu") (address "loopback")
L 09/06/2025 - 00:11:43: [admin.amxx] Login: "Fullserver<2><STEAM_ID_LAN><>" became an admin (account "loopback") (access "abcdefghijklmnopqrstu") (address "loopback")
L 09/06/2025 - 00:29:41: [mapchooser.amxx] Vote: Voting for the nextmap started
L 09/06/2025 - 00:29:56: [mapchooser.amxx] Vote: Voting for the nextmap finished. The nextmap will be cs_havana
L 09/06/2025 - 00:31:51: -------- Mapchange to cs_havana --------
L 09/06/2025 - 00:31:51: [admin.amxx] Login: "Fullserver<2><STEAM_ID_LAN><>" became an admin (account "loopback") (access "abcdefghijklmnopqrstu") (address "loopback")
L 09/06/2025 - 00:31:52: [admin.amxx] Login: "Fullserver<2><STEAM_ID_LAN><>" became an admin (account "loopback") (access "abcdefghijklmnopqrstu") (address "loopback")
L 09/06/2025 - 00:37:24: -------- Mapchange to cs_italy --------
L 09/06/2025 - 00:37:24: Invalid multi-lingual line (file "cstrike\addons\amxmodx\data\lang\uq_jumpstats.txt" line 1)
L 09/06/2025 - 00:37:25: [admin.amxx] Login: "Fullserver<1><STEAM_ID_LAN><>" became an admin (account "loopback") (access "abcdefghijklmnopqrstu") (address "loopback")
L 09/06/2025 - 00:37:25: [admin.amxx] Login: "Fullserver<1><STEAM_ID_LAN><>" became an admin (account "loopback") (access "abcdefghijklmnopqrstu") (address "loopback")
L 09/06/2025 - 00:38:40: -------- Mapchange to cs_italy --------
L 09/06/2025 - 00:38:40: Invalid multi-lingual line (file "cstrike\addons\amxmodx\data\lang\uq_jumpstats.txt" line 1)
L 09/06/2025 - 00:38:41: [admin.amxx] Login: "Fullserver<1><STEAM_ID_LAN><>" became an admin (account "loopback") (access "abcdefghijklmnopqrstu") (address "loopback")
L 09/06/2025 - 00:38:41: [admin.amxx] Login: "Fullserver<1><STEAM_ID_LAN><>" became an admin (account "loopback") (access "abcdefghijklmnopqrstu") (address "loopback")
