L 05/23/2025 - 21:35:07: -------- Mapchange to de_dust2 --------
L 05/23/2025 - 21:35:07: [admin.amxx] Login: "wormeater<1><STEAM_ID_LAN><>" became an admin (account "loopback") (access "abcdefghijklmnopqrstu") (address "loopback")
L 05/23/2025 - 21:35:08: [admin.amxx] Login: "wormeater<1><STEAM_ID_LAN><>" became an admin (account "loopback") (access "abcdefghijklmnopqrstu") (address "loopback")
L 05/23/2025 - 21:42:18: -------- Mapchange to de_dust2 --------
L 05/23/2025 - 21:42:18: [admin.amxx] Login: "wormeater<2><STEAM_ID_LAN><>" became an admin (account "loopback") (access "abcdefghijklmnopqrstu") (address "loopback")
L 05/23/2025 - 21:42:19: [admin.amxx] Login: "wormeater<2><STEAM_ID_LAN><>" became an admin (account "loopback") (access "abcdefghijklmnopqrstu") (address "loopback")
L 05/23/2025 - 21:42:58: -------- Mapchange to de_dust2 --------
L 05/23/2025 - 21:42:59: [admin.amxx] Login: "wormeater<1><STEAM_ID_LAN><>" became an admin (account "loopback") (access "abcdefghijklmnopqrstu") (address "loopback")
L 05/23/2025 - 21:43:00: [admin.amxx] Login: "wormeater<1><STEAM_ID_LAN><>" became an admin (account "loopback") (access "abcdefghijklmnopqrstu") (address "loopback")
L 05/23/2025 - 21:49:31: -------- Mapchange to de_dust2 --------
L 05/23/2025 - 21:49:31: [admin.amxx] Login: "wormeater<2><STEAM_ID_LAN><>" became an admin (account "loopback") (access "abcdefghijklmnopqrstu") (address "loopback")
L 05/23/2025 - 21:49:32: [admin.amxx] Login: "wormeater<2><STEAM_ID_LAN><>" became an admin (account "loopback") (access "abcdefghijklmnopqrstu") (address "loopback")
L 05/23/2025 - 21:52:34: -------- Mapchange to de_dust2 --------
L 05/23/2025 - 21:52:34: [admin.amxx] Login: "wormeater<1><STEAM_ID_LAN><>" became an admin (account "loopback") (access "abcdefghijklmnopqrstu") (address "loopback")
L 05/23/2025 - 21:52:35: [admin.amxx] Login: "wormeater<1><STEAM_ID_LAN><>" became an admin (account "loopback") (access "abcdefghijklmnopqrstu") (address "loopback")
L 05/23/2025 - 21:57:21: -------- Mapchange to de_dust2 --------
L 05/23/2025 - 21:57:21: [uq_jumpstats.amxx] Can't find uq_jumpstats_tops.amxx
L 05/23/2025 - 21:57:23: [uq_jumpstats.amxx] uq_jumpstats: Could not connect to SQL database; Error #2003: Can't connect to MySQL server on 'localhost' (10061)
L 05/23/2025 - 21:57:24: [admin.amxx] Login: "wormeater<1><STEAM_ID_LAN><>" became an admin (account "loopback") (access "abcdefghijklmnopqrstu") (address "loopback")
L 05/23/2025 - 21:57:24: [admin.amxx] Login: "wormeater<1><STEAM_ID_LAN><>" became an admin (account "loopback") (access "abcdefghijklmnopqrstu") (address "loopback")
L 05/23/2025 - 22:00:16: -------- Mapchange to de_dust2 --------
L 05/23/2025 - 22:00:17: [uq_jumpstats.amxx] Can't find uq_jumpstats_tops.amxx
L 05/23/2025 - 22:00:19: [uq_jumpstats.amxx] uq_jumpstats: Could not connect to SQL database; Error #2003: Can't connect to MySQL server on 'localhost' (10061)
L 05/23/2025 - 22:00:19: [admin.amxx] Login: "wormeater<1><STEAM_ID_LAN><>" became an admin (account "loopback") (access "abcdefghijklmnopqrstu") (address "loopback")
L 05/23/2025 - 22:00:19: [admin.amxx] Login: "wormeater<1><STEAM_ID_LAN><>" became an admin (account "loopback") (access "abcdefghijklmnopqrstu") (address "loopback")
L 05/23/2025 - 22:03:06: -------- Mapchange to de_dust2 --------
L 05/23/2025 - 22:03:07: [uq_jumpstats.amxx] Can't find uq_jumpstats_tops.amxx
L 05/23/2025 - 22:03:09: [uq_jumpstats.amxx] uq_jumpstats: Could not connect to SQL database; Error #2003: Can't connect to MySQL server on 'localhost' (10061)
L 05/23/2025 - 22:03:09: [admin.amxx] Login: "wormeater<1><STEAM_ID_LAN><>" became an admin (account "loopback") (access "abcdefghijklmnopqrstu") (address "loopback")
L 05/23/2025 - 22:03:09: [admin.amxx] Login: "wormeater<1><STEAM_ID_LAN><>" became an admin (account "loopback") (access "abcdefghijklmnopqrstu") (address "loopback")
L 05/23/2025 - 22:10:20: -------- Mapchange to de_dust2 --------
L 05/23/2025 - 22:10:20: [uq_jumpstats.amxx] Can't find uq_jumpstats_tops.amxx
L 05/23/2025 - 22:10:22: [uq_jumpstats.amxx] uq_jumpstats: Could not connect to SQL database; Error #2003: Can't connect to MySQL server on 'localhost' (10061)
L 05/23/2025 - 22:10:22: [admin.amxx] Login: "wormeater<1><STEAM_ID_LAN><>" became an admin (account "loopback") (access "abcdefghijklmnopqrstu") (address "loopback")
L 05/23/2025 - 22:10:22: [admin.amxx] Login: "wormeater<1><STEAM_ID_LAN><>" became an admin (account "loopback") (access "abcdefghijklmnopqrstu") (address "loopback")
L 05/23/2025 - 22:11:38: -------- Mapchange to de_dust2 --------
L 05/23/2025 - 22:11:39: [uq_jumpstats.amxx] Can't find uq_jumpstats_tops.amxx
L 05/23/2025 - 22:11:41: [uq_jumpstats.amxx] uq_jumpstats: Could not connect to SQL database; Error #2003: Can't connect to MySQL server on 'localhost' (10061)
L 05/23/2025 - 22:11:41: [admin.amxx] Login: "wormeater<1><STEAM_ID_LAN><>" became an admin (account "loopback") (access "abcdefghijklmnopqrstu") (address "loopback")
L 05/23/2025 - 22:11:41: [admin.amxx] Login: "wormeater<1><STEAM_ID_LAN><>" became an admin (account "loopback") (access "abcdefghijklmnopqrstu") (address "loopback")
L 05/23/2025 - 22:12:51: -------- Mapchange to de_dust2 --------
L 05/23/2025 - 22:12:53: [uq_jumpstats_tops.amxx] uq_jumpstats: Could not connect to SQL database; Error #2003: Can't connect to MySQL server on 'localhost' (10061)
L 05/23/2025 - 22:12:55: [uq_jumpstats.amxx] uq_jumpstats: Could not connect to SQL database; Error #2003: Can't connect to MySQL server on 'localhost' (10061)
L 05/23/2025 - 22:12:55: [admin.amxx] Login: "wormeater<1><STEAM_ID_LAN><>" became an admin (account "loopback") (access "abcdefghijklmnopqrstu") (address "loopback")
L 05/23/2025 - 22:12:56: [admin.amxx] Login: "wormeater<1><STEAM_ID_LAN><>" became an admin (account "loopback") (access "abcdefghijklmnopqrstu") (address "loopback")
L 05/23/2025 - 22:13:05: [admincmd.amxx] Cmd: "wormeater<1><STEAM_ID_LAN><>" server console (cmdline "restart 1")
L 05/23/2025 - 22:13:06: -------- Mapchange to de_dust2 --------
L 05/23/2025 - 22:13:08: [uq_jumpstats_tops.amxx] uq_jumpstats: Could not connect to SQL database; Error #2003: Can't connect to MySQL server on 'localhost' (10061)
L 05/23/2025 - 22:13:10: [uq_jumpstats.amxx] uq_jumpstats: Could not connect to SQL database; Error #2003: Can't connect to MySQL server on 'localhost' (10061)
L 05/23/2025 - 22:13:10: [admin.amxx] Login: "wormeater<2><STEAM_ID_LAN><>" became an admin (account "loopback") (access "abcdefghijklmnopqrstu") (address "loopback")
L 05/23/2025 - 22:13:10: [admin.amxx] Login: "wormeater<2><STEAM_ID_LAN><>" became an admin (account "loopback") (access "abcdefghijklmnopqrstu") (address "loopback")
L 05/23/2025 - 22:19:19: [admincmd.amxx] Cmd: "wormeater<2><STEAM_ID_LAN><>" server console (cmdline "restart 1")
L 05/23/2025 - 22:19:19: -------- Mapchange to de_dust2 --------
L 05/23/2025 - 22:19:19: [admin.amxx] Login: "wormeater<3><STEAM_ID_LAN><>" became an admin (account "loopback") (access "abcdefghijklmnopqrstu") (address "loopback")
L 05/23/2025 - 22:19:20: [admin.amxx] Login: "wormeater<3><STEAM_ID_LAN><>" became an admin (account "loopback") (access "abcdefghijklmnopqrstu") (address "loopback")
L 05/23/2025 - 22:22:48: -------- Mapchange to de_dust2 --------
L 05/23/2025 - 22:22:48: [admin.amxx] Login: "wormeater<1><STEAM_ID_LAN><>" became an admin (account "loopback") (access "abcdefghijklmnopqrstu") (address "loopback")
L 05/23/2025 - 22:22:49: [admin.amxx] Login: "wormeater<1><STEAM_ID_LAN><>" became an admin (account "loopback") (access "abcdefghijklmnopqrstu") (address "loopback")
L 05/23/2025 - 22:27:24: [admincmd.amxx] Cmd: "wormeater<1><STEAM_ID_LAN><>" server console (cmdline "restart 1")
L 05/23/2025 - 22:27:24: -------- Mapchange to de_dust2 --------
L 05/23/2025 - 22:27:24: Invalid multi-lingual line (file "cstrike\addons\amxmodx\data\lang\uq_jumpstats.txt" line 1)
L 05/23/2025 - 22:27:24: [admin.amxx] Login: "wormeater<2><STEAM_ID_LAN><>" became an admin (account "loopback") (access "abcdefghijklmnopqrstu") (address "loopback")
L 05/23/2025 - 22:27:25: [admin.amxx] Login: "wormeater<2><STEAM_ID_LAN><>" became an admin (account "loopback") (access "abcdefghijklmnopqrstu") (address "loopback")
L 05/23/2025 - 22:30:24: [admincmd.amxx] Cmd: "wormeater<2><STEAM_ID_LAN><>" server console (cmdline "restart 1")
L 05/23/2025 - 22:30:25: -------- Mapchange to de_dust2 --------
L 05/23/2025 - 22:30:25: [admin.amxx] Login: "wormeater<3><STEAM_ID_LAN><>" became an admin (account "loopback") (access "abcdefghijklmnopqrstu") (address "loopback")
L 05/23/2025 - 22:30:26: [admin.amxx] Login: "wormeater<3><STEAM_ID_LAN><>" became an admin (account "loopback") (access "abcdefghijklmnopqrstu") (address "loopback")
L 05/23/2025 - 22:31:44: [admincmd.amxx] Cmd: "wormeater<3><STEAM_ID_LAN><>" server console (cmdline "restart 1")
L 05/23/2025 - 22:31:44: -------- Mapchange to de_dust2 --------
L 05/23/2025 - 22:31:44: [admin.amxx] Login: "wormeater<4><STEAM_ID_LAN><>" became an admin (account "loopback") (access "abcdefghijklmnopqrstu") (address "loopback")
L 05/23/2025 - 22:31:44: [admin.amxx] Login: "wormeater<4><STEAM_ID_LAN><>" became an admin (account "loopback") (access "abcdefghijklmnopqrstu") (address "loopback")
